<?xml version="1.0" encoding="UTF-8"?>
<testsuite xmlns:xsi="http://www.w3.org/2001/XMLSchema-instance" xsi:noNamespaceSchemaLocation="https://maven.apache.org/surefire/maven-surefire-plugin/xsd/surefire-test-report.xsd" name="C_MuistavaTuotevarastoTest" time="0.491" tests="16" errors="0" skipped="0" failures="0">
  <properties>
    <property name="sun.desktop" value="gnome"/>
    <property name="awt.toolkit" value="sun.awt.X11.XToolkit"/>
    <property name="file.encoding.pkg" value="sun.io"/>
    <property name="java.specification.version" value="1.8"/>
    <property name="sun.cpu.isalist" value=""/>
    <property name="sun.jnu.encoding" value="UTF-8"/>
    <property name="java.class.path" value="/home/jukka/NetBeansProjects/mooc-2019-mooc-vain-jatkokurssi-nodl/osa08-Osa08_03.Varastointia/target/test-classes:/home/jukka/NetBeansProjects/mooc-2019-mooc-vain-jatkokurssi-nodl/osa08-Osa08_03.Varastointia/target/classes:/home/jukka/.m2/repository/junit/junit/4.12/junit-4.12.jar:/home/jukka/.m2/repository/org/hamcrest/hamcrest-core/1.3/hamcrest-core-1.3.jar:/home/jukka/.m2/repository/fi/helsinki/cs/tmc/edu-test-utils/0.4.2/edu-test-utils-0.4.2.jar:"/>
    <property name="java.vm.vendor" value="Oracle Corporation"/>
    <property name="sun.arch.data.model" value="64"/>
    <property name="java.vendor.url" value="http://java.oracle.com/"/>
    <property name="user.timezone" value=""/>
    <property name="java.vm.specification.version" value="1.8"/>
    <property name="os.name" value="Linux"/>
    <property name="sun.java.launcher" value="SUN_STANDARD"/>
    <property name="user.country" value="FI"/>
    <property name="sun.boot.library.path" value="/usr/lib/jvm/java-8-openjdk-amd64/jre/lib/amd64"/>
    <property name="sun.java.command" value="/home/jukka/NetBeansProjects/mooc-2019-mooc-vain-jatkokurssi-nodl/osa08-Osa08_03.Varastointia/target/surefire/surefirebooter7309258996581294356.jar /home/jukka/NetBeansProjects/mooc-2019-mooc-vain-jatkokurssi-nodl/osa08-Osa08_03.Varastointia/target/surefire 2019-07-15T17-13-49_943-jvmRun1 surefire5871768760468636262tmp surefire_05759778827956846848tmp"/>
    <property name="surefire.test.class.path" value="/home/jukka/NetBeansProjects/mooc-2019-mooc-vain-jatkokurssi-nodl/osa08-Osa08_03.Varastointia/target/test-classes:/home/jukka/NetBeansProjects/mooc-2019-mooc-vain-jatkokurssi-nodl/osa08-Osa08_03.Varastointia/target/classes:/home/jukka/.m2/repository/junit/junit/4.12/junit-4.12.jar:/home/jukka/.m2/repository/org/hamcrest/hamcrest-core/1.3/hamcrest-core-1.3.jar:/home/jukka/.m2/repository/fi/helsinki/cs/tmc/edu-test-utils/0.4.2/edu-test-utils-0.4.2.jar:"/>
    <property name="sun.cpu.endian" value="little"/>
    <property name="user.home" value="/home/jukka"/>
    <property name="user.language" value="fi"/>
    <property name="java.specification.vendor" value="Oracle Corporation"/>
    <property name="java.home" value="/usr/lib/jvm/java-8-openjdk-amd64/jre"/>
    <property name="basedir" value="/home/jukka/NetBeansProjects/mooc-2019-mooc-vain-jatkokurssi-nodl/osa08-Osa08_03.Varastointia"/>
    <property name="file.separator" value="/"/>
    <property name="line.separator" value="&#10;"/>
    <property name="java.vm.specification.vendor" value="Oracle Corporation"/>
    <property name="java.specification.name" value="Java Platform API Specification"/>
    <property name="java.awt.graphicsenv" value="sun.awt.X11GraphicsEnvironment"/>
    <property name="surefire.real.class.path" value="/home/jukka/NetBeansProjects/mooc-2019-mooc-vain-jatkokurssi-nodl/osa08-Osa08_03.Varastointia/target/surefire/surefirebooter7309258996581294356.jar"/>
    <property name="jdk.net.URLClassPath.disableClassPathURLCheck" value="true"/>
    <property name="sun.boot.class.path" value="/usr/lib/jvm/java-8-openjdk-amd64/jre/lib/resources.jar:/usr/lib/jvm/java-8-openjdk-amd64/jre/lib/rt.jar:/usr/lib/jvm/java-8-openjdk-amd64/jre/lib/sunrsasign.jar:/usr/lib/jvm/java-8-openjdk-amd64/jre/lib/jsse.jar:/usr/lib/jvm/java-8-openjdk-amd64/jre/lib/jce.jar:/usr/lib/jvm/java-8-openjdk-amd64/jre/lib/charsets.jar:/usr/lib/jvm/java-8-openjdk-amd64/jre/lib/jfr.jar:/usr/lib/jvm/java-8-openjdk-amd64/jre/classes"/>
    <property name="sun.management.compiler" value="HotSpot 64-Bit Tiered Compilers"/>
    <property name="java.runtime.version" value="1.8.0_212-8u212-b03-0ubuntu1.18.04.1-b03"/>
    <property name="user.name" value="jukka"/>
    <property name="path.separator" value=":"/>
    <property name="os.version" value="4.15.0-54-generic"/>
    <property name="java.endorsed.dirs" value="/usr/lib/jvm/java-8-openjdk-amd64/jre/lib/endorsed"/>
    <property name="java.runtime.name" value="OpenJDK Runtime Environment"/>
    <property name="file.encoding" value="UTF-8"/>
    <property name="java.vm.name" value="OpenJDK 64-Bit Server VM"/>
    <property name="maven.ext.class.path" value="/home/jukka/tmcbeans/java/maven-nblib/netbeans-eventspy.jar"/>
    <property name="localRepository" value="/home/jukka/.m2/repository"/>
    <property name="java.vendor.url.bug" value="http://bugreport.sun.com/bugreport/"/>
    <property name="java.io.tmpdir" value="/tmp"/>
    <property name="java.version" value="1.8.0_212"/>
    <property name="user.dir" value="/home/jukka/NetBeansProjects/mooc-2019-mooc-vain-jatkokurssi-nodl/osa08-Osa08_03.Varastointia"/>
    <property name="os.arch" value="amd64"/>
    <property name="java.vm.specification.name" value="Java Virtual Machine Specification"/>
    <property name="java.awt.printerjob" value="sun.print.PSPrinterJob"/>
    <property name="sun.os.patch.level" value="unknown"/>
    <property name="java.library.path" value="/usr/lib/jvm/java-8-openjdk-amd64/bin/../jre/lib/amd64:/usr/lib/jvm/java-8-openjdk-amd64/bin/../jre/lib/i386::/usr/java/packages/lib/amd64:/usr/lib/x86_64-linux-gnu/jni:/lib/x86_64-linux-gnu:/usr/lib/x86_64-linux-gnu:/usr/lib/jni:/lib:/usr/lib"/>
    <property name="java.vm.info" value="mixed mode"/>
    <property name="java.vendor" value="Oracle Corporation"/>
    <property name="java.vm.version" value="25.212-b03"/>
    <property name="java.ext.dirs" value="/usr/lib/jvm/java-8-openjdk-amd64/jre/lib/ext:/usr/java/packages/lib/ext"/>
    <property name="sun.io.unicode.encoding" value="UnicodeLittle"/>
    <property name="java.class.version" value="52.0"/>
  </properties>
  <testcase name="lisaysJaOttoVaikuttavatHistoriaan1" classname="C_MuistavaTuotevarastoTest" time="0.069"/>
  <testcase name="lisaysJaOttoVaikuttavatHistoriaan2" classname="C_MuistavaTuotevarastoTest" time="0"/>
  <testcase name="otaVarastostaPalauttaaSaadunMaaran" classname="C_MuistavaTuotevarastoTest" time="0.001"/>
  <testcase name="tulostaAnalyysiToimii1" classname="C_MuistavaTuotevarastoTest" time="0.224"/>
  <testcase name="tulostaAnalyysiToimii2" classname="C_MuistavaTuotevarastoTest" time="0.004"/>
  <testcase name="tulostaAnalyysiSisaltaaHalututRivit" classname="C_MuistavaTuotevarastoTest" time="0.002"/>
  <testcase name="onMetodiTulostaAnalyysi" classname="C_MuistavaTuotevarastoTest" time="0.001"/>
  <testcase name="lisaysJaOttoToimivat" classname="C_MuistavaTuotevarastoTest" time="0.002"/>
  <testcase name="luokkaOlemassa" classname="C_MuistavaTuotevarastoTest" time="0"/>
  <testcase name="eiYlimaaraisiaOliomuuttujia" classname="C_MuistavaTuotevarastoTest" time="0.002"/>
  <testcase name="onMetodiLisaaVarastoon" classname="C_MuistavaTuotevarastoTest" time="0.001"/>
  <testcase name="onMetodiHistora" classname="C_MuistavaTuotevarastoTest" time="0.001"/>
  <testcase name="onKolmeparametrinenKonstruktori" classname="C_MuistavaTuotevarastoTest" time="0"/>
  <testcase name="onMetodiOtaVarastosta" classname="C_MuistavaTuotevarastoTest" time="0"/>
  <testcase name="alkuSaldoOnVarastonAlkusaldona" classname="C_MuistavaTuotevarastoTest" time="0"/>
  <testcase name="periiLuokanTuotearasto" classname="C_MuistavaTuotevarastoTest" time="0.005"/>
</testsuite>